C:\Program Files (x86)\MSBuild\Microsoft.Cpp\v4.0\V140\Microsoft.CppBuild.targets(392,5): warning MSB8028: The intermediate directory (Debug\) contains files shared from another project (OpenglAnimation.vcxproj).  This can lead to incorrect clean and rebuild behavior.
  Shader.cpp
c:\users\matrix\game development\repositories\headguard-of-binding-worlds\headguard-of-binding-worlds\headguard-of-binding-worlds\mathutils.h(58): warning C4244: '=': conversion from 'double' to 'float', possible loss of data
c:\users\matrix\game development\repositories\headguard-of-binding-worlds\headguard-of-binding-worlds\headguard-of-binding-worlds\mathutils.h(61): warning C4244: '=': conversion from 'double' to 'float', possible loss of data
c:\users\matrix\game development\repositories\headguard-of-binding-worlds\headguard-of-binding-worlds\headguard-of-binding-worlds\mathutils.h(64): warning C4244: '=': conversion from 'double' to 'float', possible loss of data
c:\users\matrix\game development\repositories\headguard-of-binding-worlds\headguard-of-binding-worlds\headguard-of-binding-worlds\mathutils.h(77): warning C4244: '=': conversion from 'double' to 'float', possible loss of data
c:\users\matrix\game development\repositories\headguard-of-binding-worlds\headguard-of-binding-worlds\headguard-of-binding-worlds\mathutils.h(78): warning C4244: '=': conversion from 'double' to 'float', possible loss of data
c:\users\matrix\game development\repositories\headguard-of-binding-worlds\headguard-of-binding-worlds\headguard-of-binding-worlds\mathutils.h(79): warning C4244: '=': conversion from 'double' to 'float', possible loss of data
c:\users\matrix\game development\repositories\headguard-of-binding-worlds\headguard-of-binding-worlds\headguard-of-binding-worlds\mathutils.h(81): warning C4244: '=': conversion from 'double' to 'float', possible loss of data
c:\users\matrix\game development\repositories\headguard-of-binding-worlds\headguard-of-binding-worlds\headguard-of-binding-worlds\mathutils.h(82): warning C4244: '=': conversion from 'double' to 'float', possible loss of data
c:\users\matrix\game development\repositories\headguard-of-binding-worlds\headguard-of-binding-worlds\headguard-of-binding-worlds\mathutils.h(83): warning C4244: '=': conversion from 'double' to 'float', possible loss of data
c:\users\matrix\game development\repositories\headguard-of-binding-worlds\headguard-of-binding-worlds\headguard-of-binding-worlds\mathutils.h(85): warning C4244: '=': conversion from 'double' to 'float', possible loss of data
c:\users\matrix\game development\repositories\headguard-of-binding-worlds\headguard-of-binding-worlds\headguard-of-binding-worlds\mathutils.h(86): warning C4244: '=': conversion from 'double' to 'float', possible loss of data
c:\users\matrix\game development\repositories\headguard-of-binding-worlds\headguard-of-binding-worlds\headguard-of-binding-worlds\mathutils.h(87): warning C4244: '=': conversion from 'double' to 'float', possible loss of data
c:\users\matrix\game development\repositories\headguard-of-binding-worlds\headguard-of-binding-worlds\headguard-of-binding-worlds\mathutils.h(155): warning C4244: '=': conversion from 'double' to 'float', possible loss of data
c:\users\matrix\game development\repositories\headguard-of-binding-worlds\headguard-of-binding-worlds\headguard-of-binding-worlds\mathutils.h(159): warning C4244: '=': conversion from 'double' to 'float', possible loss of data
c:\users\matrix\game development\repositories\headguard-of-binding-worlds\headguard-of-binding-worlds\headguard-of-binding-worlds\mathutils.h(171): warning C4244: '=': conversion from 'double' to 'float', possible loss of data
c:\users\matrix\game development\repositories\headguard-of-binding-worlds\headguard-of-binding-worlds\headguard-of-binding-worlds\mathutils.h(172): warning C4244: '=': conversion from 'double' to 'float', possible loss of data
c:\users\matrix\game development\repositories\headguard-of-binding-worlds\headguard-of-binding-worlds\headguard-of-binding-worlds\shader.cpp(32): warning C4018: '<': signed/unsigned mismatch
c:\users\matrix\game development\repositories\headguard-of-binding-worlds\headguard-of-binding-worlds\headguard-of-binding-worlds\shader.cpp(67): warning C4244: 'initializing': conversion from 'int' to 'float', possible loss of data
c:\users\matrix\game development\repositories\headguard-of-binding-worlds\headguard-of-binding-worlds\headguard-of-binding-worlds\shader.cpp(68): warning C4244: 'initializing': conversion from 'int' to 'float', possible loss of data
c:\users\matrix\game development\repositories\headguard-of-binding-worlds\headguard-of-binding-worlds\headguard-of-binding-worlds\shader.cpp(74): warning C4018: '<': signed/unsigned mismatch
  Ms3dModelLoader.cpp
c:\users\matrix\game development\repositories\headguard-of-binding-worlds\headguard-of-binding-worlds\headguard-of-binding-worlds\mathutils.h(58): warning C4244: '=': conversion from 'double' to 'float', possible loss of data
c:\users\matrix\game development\repositories\headguard-of-binding-worlds\headguard-of-binding-worlds\headguard-of-binding-worlds\mathutils.h(61): warning C4244: '=': conversion from 'double' to 'float', possible loss of data
c:\users\matrix\game development\repositories\headguard-of-binding-worlds\headguard-of-binding-worlds\headguard-of-binding-worlds\mathutils.h(64): warning C4244: '=': conversion from 'double' to 'float', possible loss of data
c:\users\matrix\game development\repositories\headguard-of-binding-worlds\headguard-of-binding-worlds\headguard-of-binding-worlds\mathutils.h(77): warning C4244: '=': conversion from 'double' to 'float', possible loss of data
c:\users\matrix\game development\repositories\headguard-of-binding-worlds\headguard-of-binding-worlds\headguard-of-binding-worlds\mathutils.h(78): warning C4244: '=': conversion from 'double' to 'float', possible loss of data
c:\users\matrix\game development\repositories\headguard-of-binding-worlds\headguard-of-binding-worlds\headguard-of-binding-worlds\mathutils.h(79): warning C4244: '=': conversion from 'double' to 'float', possible loss of data
c:\users\matrix\game development\repositories\headguard-of-binding-worlds\headguard-of-binding-worlds\headguard-of-binding-worlds\mathutils.h(81): warning C4244: '=': conversion from 'double' to 'float', possible loss of data
c:\users\matrix\game development\repositories\headguard-of-binding-worlds\headguard-of-binding-worlds\headguard-of-binding-worlds\mathutils.h(82): warning C4244: '=': conversion from 'double' to 'float', possible loss of data
c:\users\matrix\game development\repositories\headguard-of-binding-worlds\headguard-of-binding-worlds\headguard-of-binding-worlds\mathutils.h(83): warning C4244: '=': conversion from 'double' to 'float', possible loss of data
c:\users\matrix\game development\repositories\headguard-of-binding-worlds\headguard-of-binding-worlds\headguard-of-binding-worlds\mathutils.h(85): warning C4244: '=': conversion from 'double' to 'float', possible loss of data
c:\users\matrix\game development\repositories\headguard-of-binding-worlds\headguard-of-binding-worlds\headguard-of-binding-worlds\mathutils.h(86): warning C4244: '=': conversion from 'double' to 'float', possible loss of data
c:\users\matrix\game development\repositories\headguard-of-binding-worlds\headguard-of-binding-worlds\headguard-of-binding-worlds\mathutils.h(87): warning C4244: '=': conversion from 'double' to 'float', possible loss of data
c:\users\matrix\game development\repositories\headguard-of-binding-worlds\headguard-of-binding-worlds\headguard-of-binding-worlds\mathutils.h(155): warning C4244: '=': conversion from 'double' to 'float', possible loss of data
c:\users\matrix\game development\repositories\headguard-of-binding-worlds\headguard-of-binding-worlds\headguard-of-binding-worlds\mathutils.h(159): warning C4244: '=': conversion from 'double' to 'float', possible loss of data
c:\users\matrix\game development\repositories\headguard-of-binding-worlds\headguard-of-binding-worlds\headguard-of-binding-worlds\mathutils.h(171): warning C4244: '=': conversion from 'double' to 'float', possible loss of data
c:\users\matrix\game development\repositories\headguard-of-binding-worlds\headguard-of-binding-worlds\headguard-of-binding-worlds\mathutils.h(172): warning C4244: '=': conversion from 'double' to 'float', possible loss of data
c:\users\matrix\game development\repositories\headguard-of-binding-worlds\headguard-of-binding-worlds\headguard-of-binding-worlds\ms3dmodelloader.cpp(92): warning C4101: 'charData': unreferenced local variable
c:\users\matrix\game development\repositories\headguard-of-binding-worlds\headguard-of-binding-worlds\headguard-of-binding-worlds\ms3dmodelloader.cpp(112): warning C4101: 'charData': unreferenced local variable
c:\users\matrix\game development\repositories\headguard-of-binding-worlds\headguard-of-binding-worlds\headguard-of-binding-worlds\ms3dmodelloader.cpp(157): warning C4244: 'initializing': conversion from 'float' to 'int', possible loss of data
c:\users\matrix\game development\repositories\headguard-of-binding-worlds\headguard-of-binding-worlds\headguard-of-binding-worlds\ms3dmodelloader.cpp(158): warning C4244: '=': conversion from 'int' to 'float', possible loss of data
c:\users\matrix\game development\repositories\headguard-of-binding-worlds\headguard-of-binding-worlds\headguard-of-binding-worlds\ms3dmodelloader.cpp(163): warning C4244: 'initializing': conversion from 'float' to 'int', possible loss of data
c:\users\matrix\game development\repositories\headguard-of-binding-worlds\headguard-of-binding-worlds\headguard-of-binding-worlds\ms3dmodelloader.cpp(164): warning C4244: '=': conversion from 'int' to 'float', possible loss of data
c:\users\matrix\game development\repositories\headguard-of-binding-worlds\headguard-of-binding-worlds\headguard-of-binding-worlds\ms3dmodelloader.cpp(229): warning C4101: 'charData': unreferenced local variable
c:\users\matrix\game development\repositories\headguard-of-binding-worlds\headguard-of-binding-worlds\headguard-of-binding-worlds\ms3dmodelloader.cpp(465): warning C4101: 'numFrames': unreferenced local variable
c:\users\matrix\game development\repositories\headguard-of-binding-worlds\headguard-of-binding-worlds\headguard-of-binding-worlds\ms3dmodelloader.cpp(588): warning C4018: '<': signed/unsigned mismatch
  Armature.cpp
c:\users\matrix\game development\repositories\headguard-of-binding-worlds\headguard-of-binding-worlds\headguard-of-binding-worlds\armature.cpp(73): warning C4018: '<': signed/unsigned mismatch
c:\users\matrix\game development\repositories\headguard-of-binding-worlds\headguard-of-binding-worlds\headguard-of-binding-worlds\armature.cpp(82): warning C4018: '<': signed/unsigned mismatch
  Generating Code...
  Compiling...
  StaticEntity.cpp
c:\users\matrix\game development\repositories\headguard-of-binding-worlds\headguard-of-binding-worlds\headguard-of-binding-worlds\mathutils.h(58): warning C4244: '=': conversion from 'double' to 'float', possible loss of data
c:\users\matrix\game development\repositories\headguard-of-binding-worlds\headguard-of-binding-worlds\headguard-of-binding-worlds\mathutils.h(61): warning C4244: '=': conversion from 'double' to 'float', possible loss of data
c:\users\matrix\game development\repositories\headguard-of-binding-worlds\headguard-of-binding-worlds\headguard-of-binding-worlds\mathutils.h(64): warning C4244: '=': conversion from 'double' to 'float', possible loss of data
c:\users\matrix\game development\repositories\headguard-of-binding-worlds\headguard-of-binding-worlds\headguard-of-binding-worlds\mathutils.h(77): warning C4244: '=': conversion from 'double' to 'float', possible loss of data
c:\users\matrix\game development\repositories\headguard-of-binding-worlds\headguard-of-binding-worlds\headguard-of-binding-worlds\mathutils.h(78): warning C4244: '=': conversion from 'double' to 'float', possible loss of data
c:\users\matrix\game development\repositories\headguard-of-binding-worlds\headguard-of-binding-worlds\headguard-of-binding-worlds\mathutils.h(79): warning C4244: '=': conversion from 'double' to 'float', possible loss of data
c:\users\matrix\game development\repositories\headguard-of-binding-worlds\headguard-of-binding-worlds\headguard-of-binding-worlds\mathutils.h(81): warning C4244: '=': conversion from 'double' to 'float', possible loss of data
c:\users\matrix\game development\repositories\headguard-of-binding-worlds\headguard-of-binding-worlds\headguard-of-binding-worlds\mathutils.h(82): warning C4244: '=': conversion from 'double' to 'float', possible loss of data
c:\users\matrix\game development\repositories\headguard-of-binding-worlds\headguard-of-binding-worlds\headguard-of-binding-worlds\mathutils.h(83): warning C4244: '=': conversion from 'double' to 'float', possible loss of data
c:\users\matrix\game development\repositories\headguard-of-binding-worlds\headguard-of-binding-worlds\headguard-of-binding-worlds\mathutils.h(85): warning C4244: '=': conversion from 'double' to 'float', possible loss of data
c:\users\matrix\game development\repositories\headguard-of-binding-worlds\headguard-of-binding-worlds\headguard-of-binding-worlds\mathutils.h(86): warning C4244: '=': conversion from 'double' to 'float', possible loss of data
c:\users\matrix\game development\repositories\headguard-of-binding-worlds\headguard-of-binding-worlds\headguard-of-binding-worlds\mathutils.h(87): warning C4244: '=': conversion from 'double' to 'float', possible loss of data
c:\users\matrix\game development\repositories\headguard-of-binding-worlds\headguard-of-binding-worlds\headguard-of-binding-worlds\mathutils.h(155): warning C4244: '=': conversion from 'double' to 'float', possible loss of data
c:\users\matrix\game development\repositories\headguard-of-binding-worlds\headguard-of-binding-worlds\headguard-of-binding-worlds\mathutils.h(159): warning C4244: '=': conversion from 'double' to 'float', possible loss of data
c:\users\matrix\game development\repositories\headguard-of-binding-worlds\headguard-of-binding-worlds\headguard-of-binding-worlds\mathutils.h(171): warning C4244: '=': conversion from 'double' to 'float', possible loss of data
c:\users\matrix\game development\repositories\headguard-of-binding-worlds\headguard-of-binding-worlds\headguard-of-binding-worlds\mathutils.h(172): warning C4244: '=': conversion from 'double' to 'float', possible loss of data
c:\users\matrix\game development\repositories\headguard-of-binding-worlds\headguard-of-binding-worlds\headguard-of-binding-worlds\staticentity.cpp(5): warning C4018: '<': signed/unsigned mismatch
  Source.cpp
c:\users\matrix\game development\repositories\headguard-of-binding-worlds\headguard-of-binding-worlds\headguard-of-binding-worlds\mathutils.h(58): warning C4244: '=': conversion from 'double' to 'float', possible loss of data
c:\users\matrix\game development\repositories\headguard-of-binding-worlds\headguard-of-binding-worlds\headguard-of-binding-worlds\mathutils.h(61): warning C4244: '=': conversion from 'double' to 'float', possible loss of data
c:\users\matrix\game development\repositories\headguard-of-binding-worlds\headguard-of-binding-worlds\headguard-of-binding-worlds\mathutils.h(64): warning C4244: '=': conversion from 'double' to 'float', possible loss of data
c:\users\matrix\game development\repositories\headguard-of-binding-worlds\headguard-of-binding-worlds\headguard-of-binding-worlds\mathutils.h(77): warning C4244: '=': conversion from 'double' to 'float', possible loss of data
c:\users\matrix\game development\repositories\headguard-of-binding-worlds\headguard-of-binding-worlds\headguard-of-binding-worlds\mathutils.h(78): warning C4244: '=': conversion from 'double' to 'float', possible loss of data
c:\users\matrix\game development\repositories\headguard-of-binding-worlds\headguard-of-binding-worlds\headguard-of-binding-worlds\mathutils.h(79): warning C4244: '=': conversion from 'double' to 'float', possible loss of data
c:\users\matrix\game development\repositories\headguard-of-binding-worlds\headguard-of-binding-worlds\headguard-of-binding-worlds\mathutils.h(81): warning C4244: '=': conversion from 'double' to 'float', possible loss of data
c:\users\matrix\game development\repositories\headguard-of-binding-worlds\headguard-of-binding-worlds\headguard-of-binding-worlds\mathutils.h(82): warning C4244: '=': conversion from 'double' to 'float', possible loss of data
c:\users\matrix\game development\repositories\headguard-of-binding-worlds\headguard-of-binding-worlds\headguard-of-binding-worlds\mathutils.h(83): warning C4244: '=': conversion from 'double' to 'float', possible loss of data
c:\users\matrix\game development\repositories\headguard-of-binding-worlds\headguard-of-binding-worlds\headguard-of-binding-worlds\mathutils.h(85): warning C4244: '=': conversion from 'double' to 'float', possible loss of data
c:\users\matrix\game development\repositories\headguard-of-binding-worlds\headguard-of-binding-worlds\headguard-of-binding-worlds\mathutils.h(86): warning C4244: '=': conversion from 'double' to 'float', possible loss of data
c:\users\matrix\game development\repositories\headguard-of-binding-worlds\headguard-of-binding-worlds\headguard-of-binding-worlds\mathutils.h(87): warning C4244: '=': conversion from 'double' to 'float', possible loss of data
c:\users\matrix\game development\repositories\headguard-of-binding-worlds\headguard-of-binding-worlds\headguard-of-binding-worlds\mathutils.h(155): warning C4244: '=': conversion from 'double' to 'float', possible loss of data
c:\users\matrix\game development\repositories\headguard-of-binding-worlds\headguard-of-binding-worlds\headguard-of-binding-worlds\mathutils.h(159): warning C4244: '=': conversion from 'double' to 'float', possible loss of data
c:\users\matrix\game development\repositories\headguard-of-binding-worlds\headguard-of-binding-worlds\headguard-of-binding-worlds\mathutils.h(171): warning C4244: '=': conversion from 'double' to 'float', possible loss of data
c:\users\matrix\game development\repositories\headguard-of-binding-worlds\headguard-of-binding-worlds\headguard-of-binding-worlds\mathutils.h(172): warning C4244: '=': conversion from 'double' to 'float', possible loss of data
c:\users\matrix\game development\repositories\headguard-of-binding-worlds\headguard-of-binding-worlds\headguard-of-binding-worlds\source.cpp(96): warning C4018: '<': signed/unsigned mismatch
c:\users\matrix\game development\repositories\headguard-of-binding-worlds\headguard-of-binding-worlds\headguard-of-binding-worlds\source.cpp(103): warning C4018: '<': signed/unsigned mismatch
  EntityHandler.cpp
c:\users\matrix\game development\repositories\headguard-of-binding-worlds\headguard-of-binding-worlds\headguard-of-binding-worlds\mathutils.h(58): warning C4244: '=': conversion from 'double' to 'float', possible loss of data
c:\users\matrix\game development\repositories\headguard-of-binding-worlds\headguard-of-binding-worlds\headguard-of-binding-worlds\mathutils.h(61): warning C4244: '=': conversion from 'double' to 'float', possible loss of data
c:\users\matrix\game development\repositories\headguard-of-binding-worlds\headguard-of-binding-worlds\headguard-of-binding-worlds\mathutils.h(64): warning C4244: '=': conversion from 'double' to 'float', possible loss of data
c:\users\matrix\game development\repositories\headguard-of-binding-worlds\headguard-of-binding-worlds\headguard-of-binding-worlds\mathutils.h(77): warning C4244: '=': conversion from 'double' to 'float', possible loss of data
c:\users\matrix\game development\repositories\headguard-of-binding-worlds\headguard-of-binding-worlds\headguard-of-binding-worlds\mathutils.h(78): warning C4244: '=': conversion from 'double' to 'float', possible loss of data
c:\users\matrix\game development\repositories\headguard-of-binding-worlds\headguard-of-binding-worlds\headguard-of-binding-worlds\mathutils.h(79): warning C4244: '=': conversion from 'double' to 'float', possible loss of data
c:\users\matrix\game development\repositories\headguard-of-binding-worlds\headguard-of-binding-worlds\headguard-of-binding-worlds\mathutils.h(81): warning C4244: '=': conversion from 'double' to 'float', possible loss of data
c:\users\matrix\game development\repositories\headguard-of-binding-worlds\headguard-of-binding-worlds\headguard-of-binding-worlds\mathutils.h(82): warning C4244: '=': conversion from 'double' to 'float', possible loss of data
c:\users\matrix\game development\repositories\headguard-of-binding-worlds\headguard-of-binding-worlds\headguard-of-binding-worlds\mathutils.h(83): warning C4244: '=': conversion from 'double' to 'float', possible loss of data
c:\users\matrix\game development\repositories\headguard-of-binding-worlds\headguard-of-binding-worlds\headguard-of-binding-worlds\mathutils.h(85): warning C4244: '=': conversion from 'double' to 'float', possible loss of data
c:\users\matrix\game development\repositories\headguard-of-binding-worlds\headguard-of-binding-worlds\headguard-of-binding-worlds\mathutils.h(86): warning C4244: '=': conversion from 'double' to 'float', possible loss of data
c:\users\matrix\game development\repositories\headguard-of-binding-worlds\headguard-of-binding-worlds\headguard-of-binding-worlds\mathutils.h(87): warning C4244: '=': conversion from 'double' to 'float', possible loss of data
c:\users\matrix\game development\repositories\headguard-of-binding-worlds\headguard-of-binding-worlds\headguard-of-binding-worlds\mathutils.h(155): warning C4244: '=': conversion from 'double' to 'float', possible loss of data
c:\users\matrix\game development\repositories\headguard-of-binding-worlds\headguard-of-binding-worlds\headguard-of-binding-worlds\mathutils.h(159): warning C4244: '=': conversion from 'double' to 'float', possible loss of data
c:\users\matrix\game development\repositories\headguard-of-binding-worlds\headguard-of-binding-worlds\headguard-of-binding-worlds\mathutils.h(171): warning C4244: '=': conversion from 'double' to 'float', possible loss of data
c:\users\matrix\game development\repositories\headguard-of-binding-worlds\headguard-of-binding-worlds\headguard-of-binding-worlds\mathutils.h(172): warning C4244: '=': conversion from 'double' to 'float', possible loss of data
c:\users\matrix\game development\repositories\headguard-of-binding-worlds\headguard-of-binding-worlds\headguard-of-binding-worlds\entityhandler.cpp(11): warning C4018: '<': signed/unsigned mismatch
c:\users\matrix\game development\repositories\headguard-of-binding-worlds\headguard-of-binding-worlds\headguard-of-binding-worlds\entityhandler.cpp(25): warning C4018: '<': signed/unsigned mismatch
  Entity.cpp
c:\users\matrix\game development\repositories\headguard-of-binding-worlds\headguard-of-binding-worlds\headguard-of-binding-worlds\mathutils.h(58): warning C4244: '=': conversion from 'double' to 'float', possible loss of data
c:\users\matrix\game development\repositories\headguard-of-binding-worlds\headguard-of-binding-worlds\headguard-of-binding-worlds\mathutils.h(61): warning C4244: '=': conversion from 'double' to 'float', possible loss of data
c:\users\matrix\game development\repositories\headguard-of-binding-worlds\headguard-of-binding-worlds\headguard-of-binding-worlds\mathutils.h(64): warning C4244: '=': conversion from 'double' to 'float', possible loss of data
c:\users\matrix\game development\repositories\headguard-of-binding-worlds\headguard-of-binding-worlds\headguard-of-binding-worlds\mathutils.h(77): warning C4244: '=': conversion from 'double' to 'float', possible loss of data
c:\users\matrix\game development\repositories\headguard-of-binding-worlds\headguard-of-binding-worlds\headguard-of-binding-worlds\mathutils.h(78): warning C4244: '=': conversion from 'double' to 'float', possible loss of data
c:\users\matrix\game development\repositories\headguard-of-binding-worlds\headguard-of-binding-worlds\headguard-of-binding-worlds\mathutils.h(79): warning C4244: '=': conversion from 'double' to 'float', possible loss of data
c:\users\matrix\game development\repositories\headguard-of-binding-worlds\headguard-of-binding-worlds\headguard-of-binding-worlds\mathutils.h(81): warning C4244: '=': conversion from 'double' to 'float', possible loss of data
c:\users\matrix\game development\repositories\headguard-of-binding-worlds\headguard-of-binding-worlds\headguard-of-binding-worlds\mathutils.h(82): warning C4244: '=': conversion from 'double' to 'float', possible loss of data
c:\users\matrix\game development\repositories\headguard-of-binding-worlds\headguard-of-binding-worlds\headguard-of-binding-worlds\mathutils.h(83): warning C4244: '=': conversion from 'double' to 'float', possible loss of data
c:\users\matrix\game development\repositories\headguard-of-binding-worlds\headguard-of-binding-worlds\headguard-of-binding-worlds\mathutils.h(85): warning C4244: '=': conversion from 'double' to 'float', possible loss of data
c:\users\matrix\game development\repositories\headguard-of-binding-worlds\headguard-of-binding-worlds\headguard-of-binding-worlds\mathutils.h(86): warning C4244: '=': conversion from 'double' to 'float', possible loss of data
c:\users\matrix\game development\repositories\headguard-of-binding-worlds\headguard-of-binding-worlds\headguard-of-binding-worlds\mathutils.h(87): warning C4244: '=': conversion from 'double' to 'float', possible loss of data
c:\users\matrix\game development\repositories\headguard-of-binding-worlds\headguard-of-binding-worlds\headguard-of-binding-worlds\mathutils.h(155): warning C4244: '=': conversion from 'double' to 'float', possible loss of data
c:\users\matrix\game development\repositories\headguard-of-binding-worlds\headguard-of-binding-worlds\headguard-of-binding-worlds\mathutils.h(159): warning C4244: '=': conversion from 'double' to 'float', possible loss of data
c:\users\matrix\game development\repositories\headguard-of-binding-worlds\headguard-of-binding-worlds\headguard-of-binding-worlds\mathutils.h(171): warning C4244: '=': conversion from 'double' to 'float', possible loss of data
c:\users\matrix\game development\repositories\headguard-of-binding-worlds\headguard-of-binding-worlds\headguard-of-binding-worlds\mathutils.h(172): warning C4244: '=': conversion from 'double' to 'float', possible loss of data
c:\users\matrix\game development\repositories\headguard-of-binding-worlds\headguard-of-binding-worlds\headguard-of-binding-worlds\entity.cpp(71): warning C4018: '<': signed/unsigned mismatch
  ArmatureHandler.cpp
c:\users\matrix\game development\repositories\headguard-of-binding-worlds\headguard-of-binding-worlds\headguard-of-binding-worlds\armaturehandler.cpp(9): warning C4018: '<': signed/unsigned mismatch
  Generating Code...
  Skipping... (no relevant changes detected)
  ModelHandler.cpp
  Model.cpp
  CharacterBuilder.cpp
  Animation.cpp
  SOIL.lib(SOIL.obj) : MSIL .netmodule or module compiled with /GL found; restarting link with /LTCG; add /LTCG to the link command line to improve linker performance
LINK : warning LNK4075: ignoring '/INCREMENTAL' due to '/LTCG' specification
Animation.obj : warning LNK4075: ignoring '/EDITANDCONTINUE' due to '/OPT:LBR' specification
  Generating code
  Finished generating code
  Headguard-of-Binding-Worlds.vcxproj -> C:\Users\Matrix\Game development\Repositories\Headguard-of-binding-Worlds\Headguard-of-Binding-Worlds\Debug\Headguard-of-Binding-Worlds.exe
  Headguard-of-Binding-Worlds.vcxproj -> C:\Users\Matrix\Game development\Repositories\Headguard-of-binding-Worlds\Headguard-of-Binding-Worlds\Debug\Headguard-of-Binding-Worlds.pdb (Full PDB)
