c:\users\matrix\documents\visual studio 2010\projects\openglanimation\openglanimation\debug\vc140.pdb
c:\users\matrix\documents\visual studio 2010\projects\openglanimation\openglanimation\debug\vc140.idb
c:\users\matrix\documents\visual studio 2010\projects\openglanimation\openglanimation\debug\armature.obj
c:\users\matrix\documents\visual studio 2010\projects\openglanimation\openglanimation\debug\armaturehandler.obj
c:\users\matrix\documents\visual studio 2010\projects\openglanimation\openglanimation\debug\camera.obj
c:\users\matrix\documents\visual studio 2010\projects\openglanimation\openglanimation\debug\entityhandler.obj
c:\users\matrix\documents\visual studio 2010\projects\openglanimation\openglanimation\debug\globals.obj
c:\users\matrix\documents\visual studio 2010\projects\openglanimation\openglanimation\debug\joint.obj
c:\users\matrix\documents\visual studio 2010\projects\openglanimation\openglanimation\debug\modelhandler.obj
c:\users\matrix\documents\visual studio 2010\projects\openglanimation\openglanimation\debug\shader.obj
c:\users\matrix\documents\visual studio 2010\projects\openglanimation\openglanimation\debug\entity.obj
c:\users\matrix\documents\visual studio 2010\projects\openglanimation\openglanimation\debug\model.obj
c:\users\matrix\documents\visual studio 2010\projects\openglanimation\openglanimation\debug\ms3dmodelloader.obj
c:\users\matrix\documents\visual studio 2010\projects\openglanimation\openglanimation\debug\source.obj
c:\users\matrix\documents\visual studio 2010\projects\openglanimation\openglanimation\debug\texture.obj
c:\users\matrix\documents\visual studio 2010\projects\openglanimation\openglanimation\debug\texturehandler.obj
c:\users\matrix\documents\visual studio 2010\projects\openglanimation\openglanimation\debug\tgaloader.obj
c:\users\matrix\documents\visual studio 2010\projects\openglanimation\openglanimation\debug\characterbuilder.obj
c:\users\matrix\documents\visual studio 2010\projects\openglanimation\openglanimation\debug\light.obj
c:\users\matrix\documents\visual studio 2010\projects\openglanimation\openglanimation\debug\lighthandler.obj
c:\users\matrix\documents\visual studio 2010\projects\openglanimation\debug\openglanimation.exe
c:\users\matrix\documents\visual studio 2010\projects\openglanimation\debug\openglanimation.pdb
c:\users\matrix\documents\visual studio 2010\projects\openglanimation\openglanimation\debug\openglanimation.tlog\cl.command.1.tlog
c:\users\matrix\documents\visual studio 2010\projects\openglanimation\openglanimation\debug\openglanimation.tlog\cl.read.1.tlog
c:\users\matrix\documents\visual studio 2010\projects\openglanimation\openglanimation\debug\openglanimation.tlog\cl.write.1.tlog
c:\users\matrix\documents\visual studio 2010\projects\openglanimation\openglanimation\debug\openglanimation.tlog\link.command.1.tlog
c:\users\matrix\documents\visual studio 2010\projects\openglanimation\openglanimation\debug\openglanimation.tlog\link.read.1.tlog
c:\users\matrix\documents\visual studio 2010\projects\openglanimation\openglanimation\debug\openglanimation.tlog\link.write.1.tlog
